info it worked if it ends with ok
verbose cli [ 'C:\\Program Files (x86)\\nodejs\\\\node.exe',
verbose cli   'C:\\Program Files (x86)\\nodejs\\node_modules\\npm\\bin\\npm-cli.js',
verbose cli   'test' ]
info using npm@1.1.21
info using node@v0.6.18
verbose C:\Program Files (x86)\nodejs\\node.exe node symlink
verbose config file d:\Users\gustavo\.npmrc
verbose config file C:\Program Files (x86)\nodejs\etc\npmrc
verbose config file C:\Program Files (x86)\nodejs\node_modules\npm\npmrc
verbose caching D:\node\jquery.odata\package.json
verbose loadDefaults odata-cli@0.0.0
verbose run-script [ 'pretest', 'test', 'posttest' ]
info pretest odata-cli@0.0.0
info test odata-cli@0.0.0
verbose unsafe-perm in lifecycle true
silly exec cmd "/c" "mocha test --timeout 10000 --reporter spec"
silly spawning [ 'cmd',
silly spawning   [ '/c', 'mocha test --timeout 10000 --reporter spec' ],
silly spawning   'D:\\node\\jquery.odata' ]
info odata-cli@0.0.0 Failed to exec test script
ERR! odata-cli@0.0.0 test: `mocha test --timeout 10000 --reporter spec`
ERR! `cmd "/c" "mocha test --timeout 10000 --reporter spec"` failed with 1
ERR! 
ERR! Failed at the odata-cli@0.0.0 test script.
ERR! This is most likely a problem with the odata-cli package,
ERR! not with npm itself.
ERR! Tell the author that this fails on your system:
ERR!     mocha test --timeout 10000 --reporter spec
ERR! You can get their info via:
ERR!     npm owner ls odata-cli
ERR! There is likely additional logging output above.
ERR! 
ERR! System Windows_NT 6.1.7601
ERR! command "C:\\Program Files (x86)\\nodejs\\\\node.exe" "C:\\Program Files (x86)\\nodejs\\node_modules\\npm\\bin\\npm-cli.js" "test"
ERR! cwd D:\node\jquery.odata
ERR! node -v v0.6.18
ERR! npm -v 1.1.21
ERR! code ELIFECYCLE
ERR! message odata-cli@0.0.0 test: `mocha test --timeout 10000 --reporter spec`
ERR! message `cmd "/c" "mocha test --timeout 10000 --reporter spec"` failed with 1
ERR! errno {}
verbose exit [ 1, true ]
